Determining if the pthread_create exist failed with the following output:
Change Dir: /home/william/Área de Trabalho/Pasta Geral/ROS/gy-80/build/CMakeFiles/CMakeTmp

Run Build Command:"/usr/bin/make" "cmTC_86ce2/fast"
/usr/bin/make -f CMakeFiles/cmTC_86ce2.dir/build.make CMakeFiles/cmTC_86ce2.dir/build
make[1]: Entering directory '/home/william/Área de Trabalho/Pasta Geral/ROS/gy-80/build/CMakeFiles/CMakeTmp'
Building C object CMakeFiles/cmTC_86ce2.dir/CheckSymbolExists.c.o
/usr/bin/cc     -o CMakeFiles/cmTC_86ce2.dir/CheckSymbolExists.c.o   -c "/home/william/Área de Trabalho/Pasta Geral/ROS/gy-80/build/CMakeFiles/CMakeTmp/CheckSymbolExists.c"
Linking C executable cmTC_86ce2
/usr/bin/cmake -E cmake_link_script CMakeFiles/cmTC_86ce2.dir/link.txt --verbose=1
/usr/bin/cc       CMakeFiles/cmTC_86ce2.dir/CheckSymbolExists.c.o  -o cmTC_86ce2 -rdynamic 
CMakeFiles/cmTC_86ce2.dir/CheckSymbolExists.c.o: na função `main':
CheckSymbolExists.c:(.text+0x16): referência indefinida para `pthread_create'
collect2: error: ld returned 1 exit status
CMakeFiles/cmTC_86ce2.dir/build.make:97: recipe for target 'cmTC_86ce2' failed
make[1]: *** [cmTC_86ce2] Error 1
make[1]: Leaving directory '/home/william/Área de Trabalho/Pasta Geral/ROS/gy-80/build/CMakeFiles/CMakeTmp'
Makefile:126: recipe for target 'cmTC_86ce2/fast' failed
make: *** [cmTC_86ce2/fast] Error 2

File /home/william/Área de Trabalho/Pasta Geral/ROS/gy-80/build/CMakeFiles/CMakeTmp/CheckSymbolExists.c:
/* */
#include <pthread.h>

int main(int argc, char** argv)
{
  (void)argv;
#ifndef pthread_create
  return ((int*)(&pthread_create))[argc];
#else
  (void)argc;
  return 0;
#endif
}

Determining if the function pthread_create exists in the pthreads failed with the following output:
Change Dir: /home/william/Área de Trabalho/Pasta Geral/ROS/gy-80/build/CMakeFiles/CMakeTmp

Run Build Command:"/usr/bin/make" "cmTC_4e0b4/fast"
/usr/bin/make -f CMakeFiles/cmTC_4e0b4.dir/build.make CMakeFiles/cmTC_4e0b4.dir/build
make[1]: Entering directory '/home/william/Área de Trabalho/Pasta Geral/ROS/gy-80/build/CMakeFiles/CMakeTmp'
Building C object CMakeFiles/cmTC_4e0b4.dir/CheckFunctionExists.c.o
/usr/bin/cc    -DCHECK_FUNCTION_EXISTS=pthread_create   -o CMakeFiles/cmTC_4e0b4.dir/CheckFunctionExists.c.o   -c /usr/share/cmake-3.5/Modules/CheckFunctionExists.c
Linking C executable cmTC_4e0b4
/usr/bin/cmake -E cmake_link_script CMakeFiles/cmTC_4e0b4.dir/link.txt --verbose=1
/usr/bin/cc   -DCHECK_FUNCTION_EXISTS=pthread_create    CMakeFiles/cmTC_4e0b4.dir/CheckFunctionExists.c.o  -o cmTC_4e0b4 -rdynamic -lpthreads 
/usr/bin/ld: não foi possível encontrar -lpthreads
collect2: error: ld returned 1 exit status
CMakeFiles/cmTC_4e0b4.dir/build.make:97: recipe for target 'cmTC_4e0b4' failed
make[1]: *** [cmTC_4e0b4] Error 1
make[1]: Leaving directory '/home/william/Área de Trabalho/Pasta Geral/ROS/gy-80/build/CMakeFiles/CMakeTmp'
Makefile:126: recipe for target 'cmTC_4e0b4/fast' failed
make: *** [cmTC_4e0b4/fast] Error 2


